[debug] [2021-03-09T16:28:06.407Z] ----------------------------------------------------------------------
[debug] [2021-03-09T16:28:06.410Z] Command:       C:\Program Files\nodejs\node.exe C:\Users\Gwendal\AppData\Roaming\npm\node_modules\firebase-tools\lib\bin\firebase.js login
[debug] [2021-03-09T16:28:06.410Z] CLI Version:   9.6.0
[debug] [2021-03-09T16:28:06.410Z] Platform:      win32
[debug] [2021-03-09T16:28:06.410Z] Node Version:  v15.9.0
[debug] [2021-03-09T16:28:06.412Z] Time:          Tue Mar 09 2021 17:28:06 GMT+0100 (heure normale d’Europe centrale)
[debug] [2021-03-09T16:28:06.412Z] ----------------------------------------------------------------------
[debug] [2021-03-09T16:28:06.412Z] 
[info] i  Firebase optionally collects CLI usage and error reporting information to help improve our products. Data is collected in accordance with Google's privacy policy (https://policies.google.com/privacy) and is not used to identify you.
 
[info] i  To change your data collection preference at any time, run `firebase logout` and log in again. 
[info] 
[info] Visit this URL on this device to log in:
[info] https://accounts.google.com/o/oauth2/auth?client_id=563584335869-fgrhgmd47bqnekij5i8b5pr03ho849e6.apps.googleusercontent.com&scope=email%20openid%20https%3A%2F%2Fwww.googleapis.com%2Fauth%2Fcloudplatformprojects.readonly%20https%3A%2F%2Fwww.googleapis.com%2Fauth%2Ffirebase%20https%3A%2F%2Fwww.googleapis.com%2Fauth%2Fcloud-platform&response_type=code&state=877760355&redirect_uri=http%3A%2F%2Flocalhost%3A9005
[info] 
[info] Waiting for authentication...
[debug] [2021-03-09T16:28:08.470Z] Error: spawn cmd ENOENT
    at Process.ChildProcess._handle.onexit (node:internal/child_process:282:19)
    at onErrorNT (node:internal/child_process:480:16)
    at processTicksAndRejections (node:internal/process/task_queues:81:21)
[error] 
[error] Error: An unexpected error has occurred.
